{
  "stats": {
    "suites": 1,
    "tests": 1,
    "passes": 1,
    "pending": 0,
    "failures": 0,
    "start": "2024-01-04T17:17:21.524Z",
    "end": "2024-01-04T17:17:22.045Z",
    "duration": 521,
    "testsRegistered": 1,
    "passPercent": 100,
    "pendingPercent": 0,
    "other": 0,
    "hasOther": false,
    "skipped": 0,
    "hasSkipped": false
  },
  "results": [
    {
      "uuid": "60cd2a13-c3c7-4b74-beca-e5751de5f4d1",
      "title": "",
      "fullFile": "cypress\\e2e\\todoRegisterApi.cy.ts",
      "file": "cypress\\e2e\\todoRegisterApi.cy.ts",
      "beforeHooks": [],
      "afterHooks": [],
      "tests": [],
      "suites": [
        {
          "uuid": "335441ee-c324-4117-9386-ae6dcc94cb94",
          "title": "API Register Test",
          "fullFile": "",
          "file": "",
          "beforeHooks": [],
          "afterHooks": [],
          "tests": [
            {
              "title": "should register a user via API",
              "fullTitle": "API Register Test should register a user via API",
              "timedOut": null,
              "duration": 465,
              "state": "passed",
              "speed": "fast",
              "pass": true,
              "fail": false,
              "pending": false,
              "context": null,
              "code": "registerTodo.registerUser();",
              "err": {},
              "uuid": "8fba4c00-3d4a-4d3f-ab5b-01f6a3613cc1",
              "parentUUID": "335441ee-c324-4117-9386-ae6dcc94cb94",
              "isHook": false,
              "skipped": false
            }
          ],
          "suites": [],
          "passes": [
            "8fba4c00-3d4a-4d3f-ab5b-01f6a3613cc1"
          ],
          "failures": [],
          "pending": [],
          "skipped": [],
          "duration": 465,
          "root": false,
          "rootEmpty": false,
          "_timeout": 2000
        }
      ],
      "passes": [],
      "failures": [],
      "pending": [],
      "skipped": [],
      "duration": 0,
      "root": true,
      "rootEmpty": true,
      "_timeout": 2000
    }
  ],
  "meta": {
    "mocha": {
      "version": "7.0.1"
    },
    "mochawesome": {
      "options": {
        "quiet": false,
        "reportFilename": "mochawesome",
        "saveHtml": true,
        "saveJson": true,
        "consoleReporter": "spec",
        "useInlineDiffs": false,
        "code": true
      },
      "version": "7.1.3"
    },
    "marge": {
      "options": null,
      "version": "6.2.0"
    }
  }
}